<?xml version="1.0" encoding="UTF-8"?>
<testsuite xmlns:xsi="http://www.w3.org/2001/XMLSchema-instance" xsi:noNamespaceSchemaLocation="https://maven.apache.org/surefire/maven-surefire-plugin/xsd/surefire-test-report.xsd" name="TestSuite" time="2.444" tests="1" errors="0" skipped="0" failures="0">
  <properties>
    <property name="sun.desktop" value="windows"/>
    <property name="awt.toolkit" value="sun.awt.windows.WToolkit"/>
    <property name="java.specification.version" value="11"/>
    <property name="sun.cpu.isalist" value="amd64"/>
    <property name="sun.jnu.encoding" value="Cp1252"/>
    <property name="java.class.path" value="C:\Users\E009623\git\4dot8dot1Repo\DemoCalculator\target\test-classes;C:\Users\E009623\git\4dot8dot1Repo\DemoCalculator\target\classes;C:\Users\E009623\.m2\repository\org\testng\testng\7.7.1\testng-7.7.1.jar;C:\Users\E009623\.m2\repository\org\slf4j\slf4j-api\1.7.36\slf4j-api-1.7.36.jar;C:\Users\E009623\.m2\repository\com\beust\jcommander\1.82\jcommander-1.82.jar;C:\Users\E009623\.m2\repository\org\webjars\jquery\3.6.1\jquery-3.6.1.jar;C:\Users\E009623\.m2\repository\io\cucumber\cucumber-testng\4.8.2-SNAPSHOT\cucumber-testng-4.8.2-SNAPSHOT.jar;C:\Users\E009623\.m2\repository\org\apiguardian\apiguardian-api\1.1.0\apiguardian-api-1.1.0.jar;C:\Users\E009623\.m2\repository\io\cucumber\cucumber-core\4.8.2-SNAPSHOT\cucumber-core-4.8.2-SNAPSHOT.jar;C:\Users\E009623\.m2\repository\io\cucumber\gherkin\5.1.0\gherkin-5.1.0.jar;C:\Users\E009623\.m2\repository\io\cucumber\tag-expressions\1.1.1\tag-expressions-1.1.1.jar;C:\Users\E009623\.m2\repository\io\cucumber\cucumber-expressions\7.0.2\cucumber-expressions-7.0.2.jar;C:\Users\E009623\.m2\repository\io\cucumber\datatable\1.1.14\datatable-1.1.14.jar;C:\Users\E009623\.m2\repository\io\cucumber\datatable-dependencies\1.1.14\datatable-dependencies-1.1.14.jar;C:\Users\E009623\.m2\repository\io\cucumber\cucumber-java\4.8.1\cucumber-java-4.8.1.jar;C:\Users\E009623\.m2\repository\io\cucumber\cucumber-picocontainer\4.8.1\cucumber-picocontainer-4.8.1.jar;C:\Users\E009623\.m2\repository\org\picocontainer\picocontainer\2.15\picocontainer-2.15.jar;C:\Users\E009623\.m2\repository\net\masterthought\cucumber-reporting\5.5.3\cucumber-reporting-5.5.3.jar;C:\Users\E009623\.m2\repository\com\fasterxml\jackson\core\jackson-databind\2.12.1\jackson-databind-2.12.1.jar;C:\Users\E009623\.m2\repository\com\fasterxml\jackson\core\jackson-annotations\2.12.1\jackson-annotations-2.12.1.jar;C:\Users\E009623\.m2\repository\com\fasterxml\jackson\core\jackson-core\2.12.1\jackson-core-2.12.1.jar;C:\Users\E009623\.m2\repository\com\fasterxml\jackson\datatype\jackson-datatype-jsr310\2.12.1\jackson-datatype-jsr310-2.12.1.jar;C:\Users\E009623\.m2\repository\org\apache\velocity\velocity-engine-core\2.2\velocity-engine-core-2.2.jar;C:\Users\E009623\.m2\repository\commons-collections\commons-collections\3.2.2\commons-collections-3.2.2.jar;C:\Users\E009623\.m2\repository\joda-time\joda-time\2.10.9\joda-time-2.10.9.jar;C:\Users\E009623\.m2\repository\org\apache\commons\commons-lang3\3.11\commons-lang3-3.11.jar;C:\Users\E009623\.m2\repository\commons-io\commons-io\2.6\commons-io-2.6.jar;C:\Users\E009623\.m2\repository\org\codehaus\plexus\plexus-utils\3.3.0\plexus-utils-3.3.0.jar;C:\Users\E009623\.m2\repository\org\jsoup\jsoup\1.13.1\jsoup-1.13.1.jar;C:\Users\E009623\.m2\repository\com\googlecode\owasp-java-html-sanitizer\owasp-java-html-sanitizer\20200713.1\owasp-java-html-sanitizer-20200713.1.jar;C:\Users\E009623\.m2\repository\com\google\guava\guava\27.1-jre\guava-27.1-jre.jar;C:\Users\E009623\.m2\repository\com\google\guava\failureaccess\1.0.1\failureaccess-1.0.1.jar;C:\Users\E009623\.m2\repository\com\google\guava\listenablefuture\9999.0-empty-to-avoid-conflict-with-guava\listenablefuture-9999.0-empty-to-avoid-conflict-with-guava.jar;C:\Users\E009623\.m2\repository\com\google\code\findbugs\jsr305\3.0.2\jsr305-3.0.2.jar;C:\Users\E009623\.m2\repository\org\checkerframework\checker-qual\2.5.2\checker-qual-2.5.2.jar;C:\Users\E009623\.m2\repository\com\google\errorprone\error_prone_annotations\2.2.0\error_prone_annotations-2.2.0.jar;C:\Users\E009623\.m2\repository\com\google\j2objc\j2objc-annotations\1.1\j2objc-annotations-1.1.jar;C:\Users\E009623\.m2\repository\org\codehaus\mojo\animal-sniffer-annotations\1.17\animal-sniffer-annotations-1.17.jar;C:\Users\E009623\.m2\repository\commons-configuration\commons-configuration\1.10\commons-configuration-1.10.jar;C:\Users\E009623\.m2\repository\commons-lang\commons-lang\2.6\commons-lang-2.6.jar;C:\Users\E009623\.m2\repository\commons-logging\commons-logging\1.1.1\commons-logging-1.1.1.jar;C:\Users\E009623\.m2\repository\org\apache\cxf\cxf-rt-frontend-jaxws\3.3.7\cxf-rt-frontend-jaxws-3.3.7.jar;C:\Users\E009623\.m2\repository\xml-resolver\xml-resolver\1.2\xml-resolver-1.2.jar;C:\Users\E009623\.m2\repository\org\ow2\asm\asm\8.0.1\asm-8.0.1.jar;C:\Users\E009623\.m2\repository\org\apache\cxf\cxf-core\3.3.7\cxf-core-3.3.7.jar;C:\Users\E009623\.m2\repository\org\glassfish\jaxb\jaxb-runtime\2.3.2\jaxb-runtime-2.3.2.jar;C:\Users\E009623\.m2\repository\org\glassfish\jaxb\txw2\2.3.2\txw2-2.3.2.jar;C:\Users\E009623\.m2\repository\com\sun\istack\istack-commons-runtime\3.0.8\istack-commons-runtime-3.0.8.jar;C:\Users\E009623\.m2\repository\com\sun\xml\fastinfoset\FastInfoset\1.2.16\FastInfoset-1.2.16.jar;C:\Users\E009623\.m2\repository\jakarta\activation\jakarta.activation-api\1.2.1\jakarta.activation-api-1.2.1.jar;C:\Users\E009623\.m2\repository\com\fasterxml\woodstox\woodstox-core\5.0.3\woodstox-core-5.0.3.jar;C:\Users\E009623\.m2\repository\org\codehaus\woodstox\stax2-api\3.1.4\stax2-api-3.1.4.jar;C:\Users\E009623\.m2\repository\org\apache\ws\xmlschema\xmlschema-core\2.2.5\xmlschema-core-2.2.5.jar;C:\Users\E009623\.m2\repository\jakarta\xml\bind\jakarta.xml.bind-api\2.3.2\jakarta.xml.bind-api-2.3.2.jar;C:\Users\E009623\.m2\repository\org\apache\cxf\cxf-rt-bindings-soap\3.3.7\cxf-rt-bindings-soap-3.3.7.jar;C:\Users\E009623\.m2\repository\org\apache\cxf\cxf-rt-wsdl\3.3.7\cxf-rt-wsdl-3.3.7.jar;C:\Users\E009623\.m2\repository\wsdl4j\wsdl4j\1.6.3\wsdl4j-1.6.3.jar;C:\Users\E009623\.m2\repository\org\apache\cxf\cxf-rt-databinding-jaxb\3.3.7\cxf-rt-databinding-jaxb-3.3.7.jar;C:\Users\E009623\.m2\repository\org\apache\cxf\cxf-rt-bindings-xml\3.3.7\cxf-rt-bindings-xml-3.3.7.jar;C:\Users\E009623\.m2\repository\org\apache\cxf\cxf-rt-frontend-simple\3.3.7\cxf-rt-frontend-simple-3.3.7.jar;C:\Users\E009623\.m2\repository\org\apache\cxf\cxf-rt-ws-addr\3.3.7\cxf-rt-ws-addr-3.3.7.jar;C:\Users\E009623\.m2\repository\org\apache\cxf\cxf-rt-ws-policy\3.3.7\cxf-rt-ws-policy-3.3.7.jar;C:\Users\E009623\.m2\repository\org\apache\neethi\neethi\3.1.1\neethi-3.1.1.jar;C:\Users\E009623\.m2\repository\javax\annotation\javax.annotation-api\1.3.2\javax.annotation-api-1.3.2.jar;C:\Users\E009623\.m2\repository\com\sun\activation\javax.activation\1.2.0\javax.activation-1.2.0.jar;C:\Users\E009623\.m2\repository\org\apache\geronimo\specs\geronimo-ws-metadata_2.0_spec\1.1.3\geronimo-ws-metadata_2.0_spec-1.1.3.jar;C:\Users\E009623\.m2\repository\com\sun\xml\messaging\saaj\saaj-impl\1.4.0-b03\saaj-impl-1.4.0-b03.jar;C:\Users\E009623\.m2\repository\org\jvnet\mimepull\mimepull\1.9.7\mimepull-1.9.7.jar;C:\Users\E009623\.m2\repository\org\jvnet\staxex\stax-ex\1.7.8\stax-ex-1.7.8.jar;C:\Users\E009623\.m2\repository\javax\activation\activation\1.1\activation-1.1.jar;C:\Users\E009623\.m2\repository\org\jacorb\jacorb-omgapi\3.9\jacorb-omgapi-3.9.jar;C:\Users\E009623\.m2\repository\org\apache\geronimo\specs\geronimo-jta_1.1_spec\1.1.1\geronimo-jta_1.1_spec-1.1.1.jar;C:\Users\E009623\.m2\repository\org\jboss\spec\javax\rmi\jboss-rmi-api_1.0_spec\1.0.6.Final\jboss-rmi-api_1.0_spec-1.0.6.Final.jar;C:\Users\E009623\.m2\repository\org\apache\cxf\cxf-rt-transports-http\3.3.7\cxf-rt-transports-http-3.3.7.jar;C:\Users\E009623\.m2\repository\javax\xml\ws\jaxws-api\2.3.1\jaxws-api-2.3.1.jar;C:\Users\E009623\.m2\repository\javax\xml\bind\jaxb-api\2.3.1\jaxb-api-2.3.1.jar;C:\Users\E009623\.m2\repository\javax\activation\javax.activation-api\1.2.0\javax.activation-api-1.2.0.jar;C:\Users\E009623\.m2\repository\javax\xml\soap\javax.xml.soap-api\1.4.0\javax.xml.soap-api-1.4.0.jar;C:\Users\E009623\.m2\repository\com\googlecode\json-simple\json-simple\1.1.1\json-simple-1.1.1.jar;C:\Users\E009623\.m2\repository\junit\junit\4.10\junit-4.10.jar;C:\Users\E009623\.m2\repository\org\hamcrest\hamcrest-core\1.1\hamcrest-core-1.1.jar;C:\Users\E009623\.m2\repository\com\google\code\gson\gson\2.10.1\gson-2.10.1.jar;"/>
    <property name="java.vm.vendor" value="Oracle Corporation"/>
    <property name="sun.arch.data.model" value="64"/>
    <property name="user.variant" value=""/>
    <property name="java.vendor.url" value="https://openjdk.java.net/"/>
    <property name="user.timezone" value="Asia/Calcutta"/>
    <property name="java.vm.specification.version" value="11"/>
    <property name="os.name" value="Windows 10"/>
    <property name="sun.java.launcher" value="SUN_STANDARD"/>
    <property name="user.country" value="US"/>
    <property name="sun.boot.library.path" value="C:\Program Files\Java\jdk-11.0.17\bin"/>
    <property name="sun.java.command" value="C:\Users\E009623\AppData\Local\Temp\surefire15180140759024167150\surefirebooter13545756700109360308.jar C:\Users\E009623\AppData\Local\Temp\surefire15180140759024167150 2023-05-08T14-30-05_076-jvmRun1 surefire11801050475802183557tmp surefire_010511809394324886005tmp"/>
    <property name="jdk.debug" value="release"/>
    <property name="surefire.test.class.path" value="C:\Users\E009623\git\4dot8dot1Repo\DemoCalculator\target\test-classes;C:\Users\E009623\git\4dot8dot1Repo\DemoCalculator\target\classes;C:\Users\E009623\.m2\repository\org\testng\testng\7.7.1\testng-7.7.1.jar;C:\Users\E009623\.m2\repository\org\slf4j\slf4j-api\1.7.36\slf4j-api-1.7.36.jar;C:\Users\E009623\.m2\repository\com\beust\jcommander\1.82\jcommander-1.82.jar;C:\Users\E009623\.m2\repository\org\webjars\jquery\3.6.1\jquery-3.6.1.jar;C:\Users\E009623\.m2\repository\io\cucumber\cucumber-testng\4.8.2-SNAPSHOT\cucumber-testng-4.8.2-SNAPSHOT.jar;C:\Users\E009623\.m2\repository\org\apiguardian\apiguardian-api\1.1.0\apiguardian-api-1.1.0.jar;C:\Users\E009623\.m2\repository\io\cucumber\cucumber-core\4.8.2-SNAPSHOT\cucumber-core-4.8.2-SNAPSHOT.jar;C:\Users\E009623\.m2\repository\io\cucumber\gherkin\5.1.0\gherkin-5.1.0.jar;C:\Users\E009623\.m2\repository\io\cucumber\tag-expressions\1.1.1\tag-expressions-1.1.1.jar;C:\Users\E009623\.m2\repository\io\cucumber\cucumber-expressions\7.0.2\cucumber-expressions-7.0.2.jar;C:\Users\E009623\.m2\repository\io\cucumber\datatable\1.1.14\datatable-1.1.14.jar;C:\Users\E009623\.m2\repository\io\cucumber\datatable-dependencies\1.1.14\datatable-dependencies-1.1.14.jar;C:\Users\E009623\.m2\repository\io\cucumber\cucumber-java\4.8.1\cucumber-java-4.8.1.jar;C:\Users\E009623\.m2\repository\io\cucumber\cucumber-picocontainer\4.8.1\cucumber-picocontainer-4.8.1.jar;C:\Users\E009623\.m2\repository\org\picocontainer\picocontainer\2.15\picocontainer-2.15.jar;C:\Users\E009623\.m2\repository\net\masterthought\cucumber-reporting\5.5.3\cucumber-reporting-5.5.3.jar;C:\Users\E009623\.m2\repository\com\fasterxml\jackson\core\jackson-databind\2.12.1\jackson-databind-2.12.1.jar;C:\Users\E009623\.m2\repository\com\fasterxml\jackson\core\jackson-annotations\2.12.1\jackson-annotations-2.12.1.jar;C:\Users\E009623\.m2\repository\com\fasterxml\jackson\core\jackson-core\2.12.1\jackson-core-2.12.1.jar;C:\Users\E009623\.m2\repository\com\fasterxml\jackson\datatype\jackson-datatype-jsr310\2.12.1\jackson-datatype-jsr310-2.12.1.jar;C:\Users\E009623\.m2\repository\org\apache\velocity\velocity-engine-core\2.2\velocity-engine-core-2.2.jar;C:\Users\E009623\.m2\repository\commons-collections\commons-collections\3.2.2\commons-collections-3.2.2.jar;C:\Users\E009623\.m2\repository\joda-time\joda-time\2.10.9\joda-time-2.10.9.jar;C:\Users\E009623\.m2\repository\org\apache\commons\commons-lang3\3.11\commons-lang3-3.11.jar;C:\Users\E009623\.m2\repository\commons-io\commons-io\2.6\commons-io-2.6.jar;C:\Users\E009623\.m2\repository\org\codehaus\plexus\plexus-utils\3.3.0\plexus-utils-3.3.0.jar;C:\Users\E009623\.m2\repository\org\jsoup\jsoup\1.13.1\jsoup-1.13.1.jar;C:\Users\E009623\.m2\repository\com\googlecode\owasp-java-html-sanitizer\owasp-java-html-sanitizer\20200713.1\owasp-java-html-sanitizer-20200713.1.jar;C:\Users\E009623\.m2\repository\com\google\guava\guava\27.1-jre\guava-27.1-jre.jar;C:\Users\E009623\.m2\repository\com\google\guava\failureaccess\1.0.1\failureaccess-1.0.1.jar;C:\Users\E009623\.m2\repository\com\google\guava\listenablefuture\9999.0-empty-to-avoid-conflict-with-guava\listenablefuture-9999.0-empty-to-avoid-conflict-with-guava.jar;C:\Users\E009623\.m2\repository\com\google\code\findbugs\jsr305\3.0.2\jsr305-3.0.2.jar;C:\Users\E009623\.m2\repository\org\checkerframework\checker-qual\2.5.2\checker-qual-2.5.2.jar;C:\Users\E009623\.m2\repository\com\google\errorprone\error_prone_annotations\2.2.0\error_prone_annotations-2.2.0.jar;C:\Users\E009623\.m2\repository\com\google\j2objc\j2objc-annotations\1.1\j2objc-annotations-1.1.jar;C:\Users\E009623\.m2\repository\org\codehaus\mojo\animal-sniffer-annotations\1.17\animal-sniffer-annotations-1.17.jar;C:\Users\E009623\.m2\repository\commons-configuration\commons-configuration\1.10\commons-configuration-1.10.jar;C:\Users\E009623\.m2\repository\commons-lang\commons-lang\2.6\commons-lang-2.6.jar;C:\Users\E009623\.m2\repository\commons-logging\commons-logging\1.1.1\commons-logging-1.1.1.jar;C:\Users\E009623\.m2\repository\org\apache\cxf\cxf-rt-frontend-jaxws\3.3.7\cxf-rt-frontend-jaxws-3.3.7.jar;C:\Users\E009623\.m2\repository\xml-resolver\xml-resolver\1.2\xml-resolver-1.2.jar;C:\Users\E009623\.m2\repository\org\ow2\asm\asm\8.0.1\asm-8.0.1.jar;C:\Users\E009623\.m2\repository\org\apache\cxf\cxf-core\3.3.7\cxf-core-3.3.7.jar;C:\Users\E009623\.m2\repository\org\glassfish\jaxb\jaxb-runtime\2.3.2\jaxb-runtime-2.3.2.jar;C:\Users\E009623\.m2\repository\org\glassfish\jaxb\txw2\2.3.2\txw2-2.3.2.jar;C:\Users\E009623\.m2\repository\com\sun\istack\istack-commons-runtime\3.0.8\istack-commons-runtime-3.0.8.jar;C:\Users\E009623\.m2\repository\com\sun\xml\fastinfoset\FastInfoset\1.2.16\FastInfoset-1.2.16.jar;C:\Users\E009623\.m2\repository\jakarta\activation\jakarta.activation-api\1.2.1\jakarta.activation-api-1.2.1.jar;C:\Users\E009623\.m2\repository\com\fasterxml\woodstox\woodstox-core\5.0.3\woodstox-core-5.0.3.jar;C:\Users\E009623\.m2\repository\org\codehaus\woodstox\stax2-api\3.1.4\stax2-api-3.1.4.jar;C:\Users\E009623\.m2\repository\org\apache\ws\xmlschema\xmlschema-core\2.2.5\xmlschema-core-2.2.5.jar;C:\Users\E009623\.m2\repository\jakarta\xml\bind\jakarta.xml.bind-api\2.3.2\jakarta.xml.bind-api-2.3.2.jar;C:\Users\E009623\.m2\repository\org\apache\cxf\cxf-rt-bindings-soap\3.3.7\cxf-rt-bindings-soap-3.3.7.jar;C:\Users\E009623\.m2\repository\org\apache\cxf\cxf-rt-wsdl\3.3.7\cxf-rt-wsdl-3.3.7.jar;C:\Users\E009623\.m2\repository\wsdl4j\wsdl4j\1.6.3\wsdl4j-1.6.3.jar;C:\Users\E009623\.m2\repository\org\apache\cxf\cxf-rt-databinding-jaxb\3.3.7\cxf-rt-databinding-jaxb-3.3.7.jar;C:\Users\E009623\.m2\repository\org\apache\cxf\cxf-rt-bindings-xml\3.3.7\cxf-rt-bindings-xml-3.3.7.jar;C:\Users\E009623\.m2\repository\org\apache\cxf\cxf-rt-frontend-simple\3.3.7\cxf-rt-frontend-simple-3.3.7.jar;C:\Users\E009623\.m2\repository\org\apache\cxf\cxf-rt-ws-addr\3.3.7\cxf-rt-ws-addr-3.3.7.jar;C:\Users\E009623\.m2\repository\org\apache\cxf\cxf-rt-ws-policy\3.3.7\cxf-rt-ws-policy-3.3.7.jar;C:\Users\E009623\.m2\repository\org\apache\neethi\neethi\3.1.1\neethi-3.1.1.jar;C:\Users\E009623\.m2\repository\javax\annotation\javax.annotation-api\1.3.2\javax.annotation-api-1.3.2.jar;C:\Users\E009623\.m2\repository\com\sun\activation\javax.activation\1.2.0\javax.activation-1.2.0.jar;C:\Users\E009623\.m2\repository\org\apache\geronimo\specs\geronimo-ws-metadata_2.0_spec\1.1.3\geronimo-ws-metadata_2.0_spec-1.1.3.jar;C:\Users\E009623\.m2\repository\com\sun\xml\messaging\saaj\saaj-impl\1.4.0-b03\saaj-impl-1.4.0-b03.jar;C:\Users\E009623\.m2\repository\org\jvnet\mimepull\mimepull\1.9.7\mimepull-1.9.7.jar;C:\Users\E009623\.m2\repository\org\jvnet\staxex\stax-ex\1.7.8\stax-ex-1.7.8.jar;C:\Users\E009623\.m2\repository\javax\activation\activation\1.1\activation-1.1.jar;C:\Users\E009623\.m2\repository\org\jacorb\jacorb-omgapi\3.9\jacorb-omgapi-3.9.jar;C:\Users\E009623\.m2\repository\org\apache\geronimo\specs\geronimo-jta_1.1_spec\1.1.1\geronimo-jta_1.1_spec-1.1.1.jar;C:\Users\E009623\.m2\repository\org\jboss\spec\javax\rmi\jboss-rmi-api_1.0_spec\1.0.6.Final\jboss-rmi-api_1.0_spec-1.0.6.Final.jar;C:\Users\E009623\.m2\repository\org\apache\cxf\cxf-rt-transports-http\3.3.7\cxf-rt-transports-http-3.3.7.jar;C:\Users\E009623\.m2\repository\javax\xml\ws\jaxws-api\2.3.1\jaxws-api-2.3.1.jar;C:\Users\E009623\.m2\repository\javax\xml\bind\jaxb-api\2.3.1\jaxb-api-2.3.1.jar;C:\Users\E009623\.m2\repository\javax\activation\javax.activation-api\1.2.0\javax.activation-api-1.2.0.jar;C:\Users\E009623\.m2\repository\javax\xml\soap\javax.xml.soap-api\1.4.0\javax.xml.soap-api-1.4.0.jar;C:\Users\E009623\.m2\repository\com\googlecode\json-simple\json-simple\1.1.1\json-simple-1.1.1.jar;C:\Users\E009623\.m2\repository\junit\junit\4.10\junit-4.10.jar;C:\Users\E009623\.m2\repository\org\hamcrest\hamcrest-core\1.1\hamcrest-core-1.1.jar;C:\Users\E009623\.m2\repository\com\google\code\gson\gson\2.10.1\gson-2.10.1.jar;"/>
    <property name="sun.cpu.endian" value="little"/>
    <property name="user.home" value="C:\Users\E009623"/>
    <property name="user.language" value="en"/>
    <property name="java.specification.vendor" value="Oracle Corporation"/>
    <property name="java.version.date" value="2022-10-18"/>
    <property name="java.home" value="C:\Program Files\Java\jdk-11.0.17"/>
    <property name="file.separator" value="\"/>
    <property name="basedir" value="C:\Users\E009623\git\4dot8dot1Repo\DemoCalculator"/>
    <property name="java.vm.compressedOopsMode" value="Zero based"/>
    <property name="line.separator" value="&#10;"/>
    <property name="java.specification.name" value="Java Platform API Specification"/>
    <property name="java.vm.specification.vendor" value="Oracle Corporation"/>
    <property name="java.awt.graphicsenv" value="sun.awt.Win32GraphicsEnvironment"/>
    <property name="surefire.real.class.path" value="C:\Users\E009623\AppData\Local\Temp\surefire15180140759024167150\surefirebooter13545756700109360308.jar"/>
    <property name="user.script" value=""/>
    <property name="sun.management.compiler" value="HotSpot 64-Bit Tiered Compilers"/>
    <property name="java.runtime.version" value="11.0.17+10-LTS-269"/>
    <property name="user.name" value="E009623"/>
    <property name="path.separator" value=";"/>
    <property name="os.version" value="10.0"/>
    <property name="java.runtime.name" value="Java(TM) SE Runtime Environment"/>
    <property name="file.encoding" value="Cp1252"/>
    <property name="java.vm.name" value="Java HotSpot(TM) 64-Bit Server VM"/>
    <property name="java.vendor.version" value="18.9"/>
    <property name="localRepository" value="C:\Users\E009623\.m2\repository"/>
    <property name="cucumber.options" value="--tags @DivideServiceExample"/>
    <property name="java.vendor.url.bug" value="https://bugreport.java.com/bugreport/"/>
    <property name="java.io.tmpdir" value="C:\Users\E009623\AppData\Local\Temp\"/>
    <property name="java.version" value="11.0.17"/>
    <property name="user.dir" value="C:\Users\E009623\git\4dot8dot1Repo\DemoCalculator"/>
    <property name="os.arch" value="amd64"/>
    <property name="java.vm.specification.name" value="Java Virtual Machine Specification"/>
    <property name="java.awt.printerjob" value="sun.awt.windows.WPrinterJob"/>
    <property name="sun.os.patch.level" value=""/>
    <property name="java.library.path" value="C:\Program Files\Java\jdk-11.0.17\bin;C:\WINDOWS\Sun\Java\bin;C:\WINDOWS\system32;C:\WINDOWS;C:\Program Files\Common Files\Oracle\Java\javapath;C:\WINDOWS\system32;C:\WINDOWS;C:\WINDOWS\System32\Wbem;C:\WINDOWS\System32\WindowsPowerShell\v1.0\;C:\WINDOWS\System32\OpenSSH\;C:\Program Files\TortoiseSVN\bin;C:\Users\E009623\AppData\Local\Microsoft\WindowsApps;C:\Program Files\Java\jdk-11.0.17\bin;C:\Program Files\apache-maven-3.9.1\bin;."/>
    <property name="java.vendor" value="Oracle Corporation"/>
    <property name="java.vm.info" value="mixed mode"/>
    <property name="java.vm.version" value="11.0.17+10-LTS-269"/>
    <property name="sun.io.unicode.encoding" value="UnicodeLittle"/>
    <property name="java.class.version" value="55.0"/>
  </properties>
  <testcase name="runScenario" classname="org.example.TestRunner" time="1.618"/>
</testsuite>