<?xml version="1.0" encoding="UTF-8"?>
<!-- Generated by org.testng.reporters.JUnitReportReporter -->
<testsuite hostname="LP003305" failures="0" tests="1" name="org.example.TestRunner" time="1.476" errors="0" timestamp="2023-05-08T14:20:11 IST" skipped="0">
  <testcase classname="org.example.TestRunner" name="runScenario" time="1.476"/>
  <system-out/>
</testsuite> <!-- org.example.TestRunner -->
