<?xml version="1.0" encoding="UTF-8"?>
<!-- Generated by org.testng.reporters.JUnitReportReporter -->
<testsuite hostname="LP003305" failures="0" tests="2" name="org.example.TestRunner" time="2.488" errors="0" timestamp="2023-05-12T12:49:41 IST" skipped="0">
  <testcase classname="org.example.TestRunner" name="runScenario" time="1.244"/>
  <system-out/>
  <testcase classname="org.example.TestRunner" name="runScenario" time="1.244"/>
  <system-out/>
</testsuite> <!-- org.example.TestRunner -->
